The system is: Windows - 10.0.19041 - AMD64
Compiling the C compiler identification source file "CMakeCCompilerId.c" succeeded.
Compiler: C:/Program Files (x86)/Microsoft Visual Studio/2019/Enterprise/VC/Tools/MSVC/14.24.28314/bin/HostX64/x64/cl.exe 
Build flags: 
Id flags:  

The output was:
0
Microsoft (R) C/C++ Optimizing Compiler Version 19.24.28316 for x64
Copyright (C) Microsoft Corporation.  All rights reserved.

CMakeCCompilerId.c
Microsoft (R) Incremental Linker Version 14.24.28316.0
Copyright (C) Microsoft Corporation.  All rights reserved.

/out:CMakeCCompilerId.exe 
CMakeCCompilerId.obj 


Compilation of the C compiler identification source "CMakeCCompilerId.c" produced "CMakeCCompilerId.exe"

Compilation of the C compiler identification source "CMakeCCompilerId.c" produced "CMakeCCompilerId.obj"

The C compiler identification is MSVC, found in "C:/Users/mitko/Desktop/HAS8266/V1/Software/HAS8266_GW/.piolibdeps/ArduinoJson_ID64/out/build/x64-Debug/CMakeFiles/3.15.19101501-MSVC_2/CompilerIdC/CMakeCCompilerId.exe"

Compiling the CXX compiler identification source file "CMakeCXXCompilerId.cpp" succeeded.
Compiler: C:/Program Files (x86)/Microsoft Visual Studio/2019/Enterprise/VC/Tools/MSVC/14.24.28314/bin/HostX64/x64/cl.exe 
Build flags: 
Id flags:  

The output was:
0
Microsoft (R) C/C++ Optimizing Compiler Version 19.24.28316 for x64
Copyright (C) Microsoft Corporation.  All rights reserved.

CMakeCXXCompilerId.cpp
Microsoft (R) Incremental Linker Version 14.24.28316.0
Copyright (C) Microsoft Corporation.  All rights reserved.

/out:CMakeCXXCompilerId.exe 
CMakeCXXCompilerId.obj 


Compilation of the CXX compiler identification source "CMakeCXXCompilerId.cpp" produced "CMakeCXXCompilerId.exe"

Compilation of the CXX compiler identification source "CMakeCXXCompilerId.cpp" produced "CMakeCXXCompilerId.obj"

The CXX compiler identification is MSVC, found in "C:/Users/mitko/Desktop/HAS8266/V1/Software/HAS8266_GW/.piolibdeps/ArduinoJson_ID64/out/build/x64-Debug/CMakeFiles/3.15.19101501-MSVC_2/CompilerIdCXX/CMakeCXXCompilerId.exe"

Determining if the C compiler works passed with the following output:
Change Dir: C:/Users/mitko/Desktop/HAS8266/V1/Software/HAS8266_GW/.piolibdeps/ArduinoJson_ID64/out/build/x64-Debug/CMakeFiles/CMakeTmp

Run Build Command(s):C:/Program Files (x86)/Microsoft Visual Studio/2019/Enterprise/Common7/IDE/CommonExtensions/Microsoft/CMake/Ninja/ninja.exe cmTC_16f16 && [1/2] Building C object CMakeFiles\cmTC_16f16.dir\testCCompiler.c.obj
[2/2] Linking C executable cmTC_16f16.exe



Detecting C compiler ABI info compiled with the following output:
Change Dir: C:/Users/mitko/Desktop/HAS8266/V1/Software/HAS8266_GW/.piolibdeps/ArduinoJson_ID64/out/build/x64-Debug/CMakeFiles/CMakeTmp

Run Build Command(s):C:/Program Files (x86)/Microsoft Visual Studio/2019/Enterprise/Common7/IDE/CommonExtensions/Microsoft/CMake/Ninja/ninja.exe cmTC_46e99 && [1/2] Building C object CMakeFiles\cmTC_46e99.dir\CMakeCCompilerABI.c.obj
[2/2] Linking C executable cmTC_46e99.exe



Determining if the CXX compiler works passed with the following output:
Change Dir: C:/Users/mitko/Desktop/HAS8266/V1/Software/HAS8266_GW/.piolibdeps/ArduinoJson_ID64/out/build/x64-Debug/CMakeFiles/CMakeTmp

Run Build Command(s):C:/Program Files (x86)/Microsoft Visual Studio/2019/Enterprise/Common7/IDE/CommonExtensions/Microsoft/CMake/Ninja/ninja.exe cmTC_998b0 && [1/2] Building CXX object CMakeFiles\cmTC_998b0.dir\testCXXCompiler.cxx.obj
[2/2] Linking CXX executable cmTC_998b0.exe



Detecting CXX compiler ABI info compiled with the following output:
Change Dir: C:/Users/mitko/Desktop/HAS8266/V1/Software/HAS8266_GW/.piolibdeps/ArduinoJson_ID64/out/build/x64-Debug/CMakeFiles/CMakeTmp

Run Build Command(s):C:/Program Files (x86)/Microsoft Visual Studio/2019/Enterprise/Common7/IDE/CommonExtensions/Microsoft/CMake/Ninja/ninja.exe cmTC_2c4ae && [1/2] Building CXX object CMakeFiles\cmTC_2c4ae.dir\CMakeCXXCompilerABI.cpp.obj
[2/2] Linking CXX executable cmTC_2c4ae.exe



